# JRE version: OpenJDK Runtime Environment JBR-11.0.15.10-2043.56-jcef (11.0.15+10) (build 11.0.15+10-b2043.56)
# Java VM: OpenJDK 64-Bit Server VM JBR-11.0.15.10-2043.56-jcef (11.0.15+10-b2043.56, mixed mode, tiered, compressed oops, g1 gc, linux-amd64)
Heap:
 garbage-first heap   total 586752K, used 391388K [0x0000000080000000, 0x0000000100000000)
  region size 1024K, 48 young (49152K), 3 survivors (3072K)
 Metaspace       used 396084K, capacity 410131K, committed 411064K, reserved 1404928K
  class space    used 50132K, capacity 55333K, committed 55448K, reserved 1048576K
GC Heap History (20 events):
Event: 480.505 GC heap before
{Heap before GC invocations=127 (full 0):
 garbage-first heap   total 562176K, used 469026K [0x0000000080000000, 0x0000000100000000)
  region size 1024K, 131 young (134144K), 3 survivors (3072K)
 Metaspace       used 391124K, capacity 404863K, committed 406712K, reserved 1400832K
  class space    used 49574K, capacity 54588K, committed 54936K, reserved 1048576K
}
Event: 480.508 GC heap after
{Heap after GC invocations=128 (full 0):
 garbage-first heap   total 562176K, used 344611K [0x0000000080000000, 0x0000000100000000)
  region size 1024K, 9 young (9216K), 9 survivors (9216K)
 Metaspace       used 391124K, capacity 404863K, committed 406712K, reserved 1400832K
  class space    used 49574K, capacity 54588K, committed 54936K, reserved 1048576K
}
Event: 480.554 GC heap before
{Heap before GC invocations=128 (full 0):
 garbage-first heap   total 562176K, used 379427K [0x0000000080000000, 0x0000000100000000)
  region size 1024K, 45 young (46080K), 9 survivors (9216K)
 Metaspace       used 391126K, capacity 404864K, committed 406712K, reserved 1400832K
  class space    used 49574K, capacity 54588K, committed 54936K, reserved 1048576K
}
Event: 480.560 GC heap after
{Heap after GC invocations=129 (full 0):
 garbage-first heap   total 562176K, used 347603K [0x0000000080000000, 0x0000000100000000)
  region size 1024K, 11 young (11264K), 11 survivors (11264K)
 Metaspace       used 391126K, capacity 404864K, committed 406712K, reserved 1400832K
  class space    used 49574K, capacity 54588K, committed 54936K, reserved 1048576K
}
Event: 480.701 GC heap before
{Heap before GC invocations=129 (full 0):
 garbage-first heap   total 562176K, used 462291K [0x0000000080000000, 0x0000000100000000)
  region size 1024K, 106 young (108544K), 11 survivors (11264K)
 Metaspace       used 391137K, capacity 404866K, committed 406712K, reserved 1400832K
  class space    used 49574K, capacity 54588K, committed 54936K, reserved 1048576K
}
Event: 480.706 GC heap after
{Heap after GC invocations=130 (full 0):
 garbage-first heap   total 562176K, used 349180K [0x0000000080000000, 0x0000000100000000)
  region size 1024K, 9 young (9216K), 9 survivors (9216K)
 Metaspace       used 391137K, capacity 404866K, committed 406712K, reserved 1400832K
  class space    used 49574K, capacity 54588K, committed 54936K, reserved 1048576K
}
Event: 480.857 GC heap before
{Heap before GC invocations=131 (full 0):
 garbage-first heap   total 562176K, used 449532K [0x0000000080000000, 0x0000000100000000)
  region size 1024K, 109 young (111616K), 9 survivors (9216K)
 Metaspace       used 391147K, capacity 404866K, committed 406712K, reserved 1400832K
  class space    used 49574K, capacity 54588K, committed 54936K, reserved 1048576K
}
Event: 480.860 GC heap after
{Heap after GC invocations=132 (full 0):
 garbage-first heap   total 562176K, used 352511K [0x0000000080000000, 0x0000000100000000)
  region size 1024K, 12 young (12288K), 12 survivors (12288K)
 Metaspace       used 391147K, capacity 404866K, committed 406712K, reserved 1400832K
  class space    used 49574K, capacity 54588K, committed 54936K, reserved 1048576K
}
Event: 480.881 GC heap before
{Heap before GC invocations=132 (full 0):
 garbage-first heap   total 562176K, used 366847K [0x0000000080000000, 0x0000000100000000)
  region size 1024K, 27 young (27648K), 12 survivors (12288K)
 Metaspace       used 391149K, capacity 404866K, committed 406712K, reserved 1400832K
  class space    used 49574K, capacity 54588K, committed 54936K, reserved 1048576K
}
Event: 480.887 GC heap after
{Heap after GC invocations=133 (full 0):
 garbage-first heap   total 562176K, used 342474K [0x0000000080000000, 0x0000000100000000)
  region size 1024K, 2 young (2048K), 2 survivors (2048K)
 Metaspace       used 391149K, capacity 404866K, committed 406712K, reserved 1400832K
  class space    used 49574K, capacity 54588K, committed 54936K, reserved 1048576K
}
Event: 481.061 GC heap before
{Heap before GC invocations=133 (full 0):
 garbage-first heap   total 562176K, used 453066K [0x0000000080000000, 0x0000000100000000)
  region size 1024K, 110 young (112640K), 2 survivors (2048K)
 Metaspace       used 392370K, capacity 406051K, committed 408120K, reserved 1402880K
  class space    used 49699K, capacity 54723K, committed 55064K, reserved 1048576K
}
Event: 481.064 GC heap after
{Heap after GC invocations=134 (full 0):
 garbage-first heap   total 562176K, used 348634K [0x0000000080000000, 0x0000000100000000)
  region size 1024K, 8 young (8192K), 8 survivors (8192K)
 Metaspace       used 392370K, capacity 406051K, committed 408120K, reserved 1402880K
  class space    used 49699K, capacity 54723K, committed 55064K, reserved 1048576K
}
Event: 481.232 GC heap before
{Heap before GC invocations=134 (full 0):
 garbage-first heap   total 562176K, used 459226K [0x0000000080000000, 0x0000000100000000)
  region size 1024K, 117 young (119808K), 8 survivors (8192K)
 Metaspace       used 393800K, capacity 407513K, committed 409272K, reserved 1402880K
  class space    used 49853K, capacity 54897K, committed 55192K, reserved 1048576K
}
Event: 481.235 GC heap after
{Heap after GC invocations=135 (full 0):
 garbage-first heap   total 562176K, used 352468K [0x0000000080000000, 0x0000000100000000)
  region size 1024K, 11 young (11264K), 11 survivors (11264K)
 Metaspace       used 393800K, capacity 407513K, committed 409272K, reserved 1402880K
  class space    used 49853K, capacity 54897K, committed 55192K, reserved 1048576K
}
Event: 481.406 GC heap before
{Heap before GC invocations=135 (full 0):
 garbage-first heap   total 562176K, used 364756K [0x0000000080000000, 0x0000000100000000)
  region size 1024K, 24 young (24576K), 11 survivors (11264K)
 Metaspace       used 394108K, capacity 407904K, committed 409528K, reserved 1404928K
  class space    used 49903K, capacity 54987K, committed 55192K, reserved 1048576K
}
Event: 481.411 GC heap after
{Heap after GC invocations=136 (full 0):
 garbage-first heap   total 562176K, used 353774K [0x0000000080000000, 0x0000000100000000)
  region size 1024K, 8 young (8192K), 8 survivors (8192K)
 Metaspace       used 394108K, capacity 407904K, committed 409528K, reserved 1404928K
  class space    used 49903K, capacity 54987K, committed 55192K, reserved 1048576K
}
Event: 483.567 GC heap before
{Heap before GC invocations=137 (full 0):
 garbage-first heap   total 577536K, used 574958K [0x0000000080000000, 0x0000000100000000)
  region size 1024K, 67 young (68608K), 8 survivors (8192K)
 Metaspace       used 395437K, capacity 409462K, committed 410680K, reserved 1404928K
  class space    used 50054K, capacity 55223K, committed 55320K, reserved 1048576K
}
Event: 483.573 GC heap after
{Heap after GC invocations=138 (full 0):
 garbage-first heap   total 586752K, used 355806K [0x0000000080000000, 0x0000000100000000)
  region size 1024K, 4 young (4096K), 4 survivors (4096K)
 Metaspace       used 395437K, capacity 409462K, committed 410680K, reserved 1404928K
  class space    used 50054K, capacity 55223K, committed 55320K, reserved 1048576K
}
Event: 483.772 GC heap before
{Heap before GC invocations=138 (full 0):
 garbage-first heap   total 586752K, used 380382K [0x0000000080000000, 0x0000000100000000)
  region size 1024K, 28 young (28672K), 4 survivors (4096K)
 Metaspace       used 395895K, capacity 409980K, committed 410936K, reserved 1404928K
  class space    used 50109K, capacity 55285K, committed 55320K, reserved 1048576K
}
Event: 483.778 GC heap after
{Heap after GC invocations=139 (full 0):
 garbage-first heap   total 586752K, used 346332K [0x0000000080000000, 0x0000000100000000)
  region size 1024K, 3 young (3072K), 3 survivors (3072K)
 Metaspace       used 395895K, capacity 409980K, committed 410936K, reserved 1404928K
  class space    used 50109K, capacity 55285K, committed 55320K, reserved 1048576K
}

