# JRE version: OpenJDK Runtime Environment JBR-11.0.15.10-2043.56-jcef (11.0.15+10) (build 11.0.15+10-b2043.56)
# Java VM: OpenJDK 64-Bit Server VM JBR-11.0.15.10-2043.56-jcef (11.0.15+10-b2043.56, mixed mode, tiered, compressed oops, g1 gc, linux-amd64)
Heap:
 garbage-first heap   total 444416K, used 421040K [0x0000000080000000, 0x0000000100000000)
  region size 1024K, 23 young (23552K), 1 survivors (1024K)
 Metaspace       used 344166K, capacity 355762K, committed 359244K, reserved 1359872K
  class space    used 42777K, capacity 47276K, committed 48204K, reserved 1048576K
GC Heap History (20 events):
Event: 163.852 GC heap before
{Heap before GC invocations=87 (full 0):
 garbage-first heap   total 423936K, used 338612K [0x0000000080000000, 0x0000000100000000)
  region size 1024K, 102 young (104448K), 4 survivors (4096K)
 Metaspace       used 330828K, capacity 342117K, committed 346444K, reserved 1349632K
  class space    used 41274K, capacity 45655K, committed 46924K, reserved 1048576K
}
Event: 163.856 GC heap after
{Heap after GC invocations=88 (full 0):
 garbage-first heap   total 423936K, used 239118K [0x0000000080000000, 0x0000000100000000)
  region size 1024K, 5 young (5120K), 5 survivors (5120K)
 Metaspace       used 330828K, capacity 342117K, committed 346444K, reserved 1349632K
  class space    used 41274K, capacity 45655K, committed 46924K, reserved 1048576K
}
Event: 170.693 GC heap before
{Heap before GC invocations=88 (full 0):
 garbage-first heap   total 423936K, used 342542K [0x0000000080000000, 0x0000000100000000)
  region size 1024K, 107 young (109568K), 5 survivors (5120K)
 Metaspace       used 336257K, capacity 347567K, committed 352076K, reserved 1353728K
  class space    used 42042K, capacity 46412K, committed 47692K, reserved 1048576K
}
Event: 170.699 GC heap after
{Heap after GC invocations=89 (full 0):
 garbage-first heap   total 423936K, used 245645K [0x0000000080000000, 0x0000000100000000)
  region size 1024K, 11 young (11264K), 11 survivors (11264K)
 Metaspace       used 336257K, capacity 347567K, committed 352076K, reserved 1353728K
  class space    used 42042K, capacity 46412K, committed 47692K, reserved 1048576K
}
Event: 181.367 GC heap before
{Heap before GC invocations=90 (full 0):
 garbage-first heap   total 423936K, used 348045K [0x0000000080000000, 0x0000000100000000)
  region size 1024K, 111 young (113664K), 11 survivors (11264K)
 Metaspace       used 336861K, capacity 348022K, committed 352588K, reserved 1353728K
  class space    used 42031K, capacity 46364K, committed 47692K, reserved 1048576K
}
Event: 181.372 GC heap after
{Heap after GC invocations=91 (full 0):
 garbage-first heap   total 423936K, used 248423K [0x0000000080000000, 0x0000000100000000)
  region size 1024K, 10 young (10240K), 10 survivors (10240K)
 Metaspace       used 336861K, capacity 348022K, committed 352588K, reserved 1353728K
  class space    used 42031K, capacity 46364K, committed 47692K, reserved 1048576K
}
Event: 181.986 GC heap before
{Heap before GC invocations=91 (full 0):
 garbage-first heap   total 423936K, used 257639K [0x0000000080000000, 0x0000000100000000)
  region size 1024K, 20 young (20480K), 10 survivors (10240K)
 Metaspace       used 337534K, capacity 348718K, committed 353100K, reserved 1355776K
  class space    used 42120K, capacity 46463K, committed 47692K, reserved 1048576K
}
Event: 181.996 GC heap after
{Heap after GC invocations=92 (full 0):
 garbage-first heap   total 423936K, used 227882K [0x0000000080000000, 0x0000000100000000)
  region size 1024K, 2 young (2048K), 2 survivors (2048K)
 Metaspace       used 337534K, capacity 348718K, committed 353100K, reserved 1355776K
  class space    used 42120K, capacity 46463K, committed 47692K, reserved 1048576K
}
Event: 203.233 GC heap before
{Heap before GC invocations=92 (full 0):
 garbage-first heap   total 423936K, used 342570K [0x0000000080000000, 0x0000000100000000)
  region size 1024K, 115 young (117760K), 2 survivors (2048K)
 Metaspace       used 340102K, capacity 351573K, committed 355404K, reserved 1357824K
  class space    used 42480K, capacity 46917K, committed 47948K, reserved 1048576K
}
Event: 203.237 GC heap after
{Heap after GC invocations=93 (full 0):
 garbage-first heap   total 423936K, used 230863K [0x0000000080000000, 0x0000000100000000)
  region size 1024K, 5 young (5120K), 5 survivors (5120K)
 Metaspace       used 340102K, capacity 351573K, committed 355404K, reserved 1357824K
  class space    used 42480K, capacity 46917K, committed 47948K, reserved 1048576K
}
Event: 215.949 GC heap before
{Heap before GC invocations=93 (full 0):
 garbage-first heap   total 423936K, used 346575K [0x0000000080000000, 0x0000000100000000)
  region size 1024K, 119 young (121856K), 5 survivors (5120K)
 Metaspace       used 340899K, capacity 352469K, committed 356300K, reserved 1357824K
  class space    used 42539K, capacity 47016K, committed 48076K, reserved 1048576K
}
Event: 215.953 GC heap after
{Heap after GC invocations=94 (full 0):
 garbage-first heap   total 423936K, used 236326K [0x0000000080000000, 0x0000000100000000)
  region size 1024K, 10 young (10240K), 10 survivors (10240K)
 Metaspace       used 340899K, capacity 352469K, committed 356300K, reserved 1357824K
  class space    used 42539K, capacity 47016K, committed 48076K, reserved 1048576K
}
Event: 226.804 GC heap before
{Heap before GC invocations=94 (full 0):
 garbage-first heap   total 423936K, used 352038K [0x0000000080000000, 0x0000000100000000)
  region size 1024K, 123 young (125952K), 10 survivors (10240K)
 Metaspace       used 341889K, capacity 353510K, committed 357324K, reserved 1357824K
  class space    used 42578K, capacity 47052K, committed 48076K, reserved 1048576K
}
Event: 226.810 GC heap after
{Heap after GC invocations=95 (full 0):
 garbage-first heap   total 423936K, used 235242K [0x0000000080000000, 0x0000000100000000)
  region size 1024K, 6 young (6144K), 6 survivors (6144K)
 Metaspace       used 341889K, capacity 353510K, committed 357324K, reserved 1357824K
  class space    used 42578K, capacity 47052K, committed 48076K, reserved 1048576K
}
Event: 245.154 GC heap before
{Heap before GC invocations=96 (full 0):
 garbage-first heap   total 423936K, used 345834K [0x0000000080000000, 0x0000000100000000)
  region size 1024K, 120 young (122880K), 6 survivors (6144K)
 Metaspace       used 343031K, capacity 354518K, committed 358348K, reserved 1359872K
  class space    used 42615K, capacity 47040K, committed 48076K, reserved 1048576K
}
Event: 245.159 GC heap after
{Heap after GC invocations=97 (full 0):
 garbage-first heap   total 423936K, used 228255K [0x0000000080000000, 0x0000000100000000)
  region size 1024K, 4 young (4096K), 4 survivors (4096K)
 Metaspace       used 343031K, capacity 354518K, committed 358348K, reserved 1359872K
  class space    used 42615K, capacity 47040K, committed 48076K, reserved 1048576K
}
Event: 262.142 GC heap before
{Heap before GC invocations=97 (full 0):
 garbage-first heap   total 423936K, used 244639K [0x0000000080000000, 0x0000000100000000)
  region size 1024K, 20 young (20480K), 4 survivors (4096K)
 Metaspace       used 343099K, capacity 354584K, committed 358348K, reserved 1359872K
  class space    used 42616K, capacity 47040K, committed 48076K, reserved 1048576K
}
Event: 262.153 GC heap after
{Heap after GC invocations=98 (full 0):
 garbage-first heap   total 423936K, used 214899K [0x0000000080000000, 0x0000000100000000)
  region size 1024K, 1 young (1024K), 1 survivors (1024K)
 Metaspace       used 343099K, capacity 354584K, committed 358348K, reserved 1359872K
  class space    used 42616K, capacity 47040K, committed 48076K, reserved 1048576K
}
Event: 266.969 GC heap before
{Heap before GC invocations=98 (full 0):
 garbage-first heap   total 423936K, used 250739K [0x0000000080000000, 0x0000000100000000)
  region size 1024K, 37 young (37888K), 1 survivors (1024K)
 Metaspace       used 343590K, capacity 355106K, committed 358988K, reserved 1359872K
  class space    used 42678K, capacity 47130K, committed 48204K, reserved 1048576K
}
Event: 266.975 GC heap after
{Heap after GC invocations=99 (full 0):
 garbage-first heap   total 423936K, used 215216K [0x0000000080000000, 0x0000000100000000)
  region size 1024K, 1 young (1024K), 1 survivors (1024K)
 Metaspace       used 343590K, capacity 355106K, committed 358988K, reserved 1359872K
  class space    used 42678K, capacity 47130K, committed 48204K, reserved 1048576K
}

